WiFiAdHoc/build/intermediates/manifest_merge_blame_file/debug/manifest-merger-blame-debug-report.txt
1<?xml version="1.0" encoding="utf-8"?>
2<manifest xmlns:android="http://schemas.android.com/apk/res/android"
3    package="edu.msu.wifiadhoc"
4    android:versionCode="1"
5    android:versionName="1.0" >
6
7    <uses-sdk
7-->src\main\AndroidManifest.xml:6:5-8:41
8        android:minSdkVersion="14"
8-->src\main\AndroidManifest.xml:7:9-35
9        android:targetSdkVersion="15" />
9-->src\main\AndroidManifest.xml:8:9-38
10
11    <!-- Add the following permissions to enable WiFi -->
12    <uses-permission
12-->src\main\AndroidManifest.xml:11:5-13:62
13        android:name="android.permission.ACCESS_WIFI_STATE"
13-->src\main\AndroidManifest.xml:13:9-60
14        android:required="true" />
14-->src\main\AndroidManifest.xml:12:9-32
15    <uses-permission
15-->src\main\AndroidManifest.xml:14:5-16:62
16        android:name="android.permission.CHANGE_WIFI_STATE"
16-->src\main\AndroidManifest.xml:16:9-60
17        android:required="true" />
17-->src\main\AndroidManifest.xml:15:9-32
18    <uses-permission
18-->src\main\AndroidManifest.xml:17:5-19:53
19        android:name="android.permission.INTERNET"
19-->src\main\AndroidManifest.xml:19:9-51
20        android:required="true" />
20-->src\main\AndroidManifest.xml:18:9-32
21    <uses-permission
21-->src\main\AndroidManifest.xml:20:5-22:65
22        android:name="android.permission.ACCESS_NETWORK_STATE"
22-->src\main\AndroidManifest.xml:22:9-63
23        android:required="true" />
23-->src\main\AndroidManifest.xml:21:9-32
24
25    <application
25-->src\main\AndroidManifest.xml:24:5-37:19
26        android:debuggable="true"
27        android:icon="@drawable/wifip2p"
27-->src\main\AndroidManifest.xml:25:9-41
28        android:label="@string/app_name"
28-->src\main\AndroidManifest.xml:26:9-41
29        android:testOnly="true"
30        android:theme="@style/AppTheme" >
30-->src\main\AndroidManifest.xml:27:9-40
31        <activity
31-->src\main\AndroidManifest.xml:28:9-36:20
32            android:name="edu.msu.wifiadhoc.MainActivity"
32-->src\main\AndroidManifest.xml:29:13-41
33            android:label="@string/title_activity_main" >
33-->src\main\AndroidManifest.xml:30:13-56
34            <intent-filter>
34-->src\main\AndroidManifest.xml:31:13-35:29
35                <action android:name="android.intent.action.MAIN" />
35-->src\main\AndroidManifest.xml:32:17-69
35-->src\main\AndroidManifest.xml:32:25-66
36
37                <category android:name="android.intent.category.LAUNCHER" />
37-->src\main\AndroidManifest.xml:34:17-77
37-->src\main\AndroidManifest.xml:34:27-74
38            </intent-filter>
39        </activity>
40    </application>
41
42</manifest>